{"C:\\Users\\dutra\\Desktop\\zadutra\\CS101\\CSE183\\hw3\\templater.js": {"path":"C:\\Users\\dutra\\Desktop\\zadutra\\CS101\\CSE183\\hw3\\templater.js","statementMap":{"0":{"start":{"line":10,"column":4},"end":{"line":10,"column":28}},"1":{"start":{"line":11,"column":4},"end":{"line":11,"column":26}},"2":{"start":{"line":12,"column":4},"end":{"line":12,"column":19}},"3":{"start":{"line":13,"column":4},"end":{"line":13,"column":22}},"4":{"start":{"line":14,"column":4},"end":{"line":28,"column":7}},"5":{"start":{"line":15,"column":6},"end":{"line":15,"column":41}},"6":{"start":{"line":16,"column":6},"end":{"line":26,"column":9}},"7":{"start":{"line":17,"column":8},"end":{"line":21,"column":11}},"8":{"start":{"line":18,"column":12},"end":{"line":18,"column":39}},"9":{"start":{"line":19,"column":12},"end":{"line":19,"column":33}},"10":{"start":{"line":20,"column":12},"end":{"line":20,"column":21}},"11":{"start":{"line":22,"column":8},"end":{"line":25,"column":11}},"12":{"start":{"line":23,"column":12},"end":{"line":23,"column":39}},"13":{"start":{"line":24,"column":12},"end":{"line":24,"column":30}},"14":{"start":{"line":27,"column":8},"end":{"line":27,"column":51}},"15":{"start":{"line":41,"column":16},"end":{"line":41,"column":17}},"16":{"start":{"line":42,"column":16},"end":{"line":42,"column":21}},"17":{"start":{"line":43,"column":4},"end":{"line":43,"column":27}},"18":{"start":{"line":44,"column":4},"end":{"line":68,"column":5}},"19":{"start":{"line":45,"column":7},"end":{"line":50,"column":11}},"20":{"start":{"line":46,"column":12},"end":{"line":46,"column":72}},"21":{"start":{"line":47,"column":12},"end":{"line":47,"column":23}},"22":{"start":{"line":48,"column":24},"end":{"line":48,"column":44}},"23":{"start":{"line":49,"column":12},"end":{"line":49,"column":39}},"24":{"start":{"line":51,"column":7},"end":{"line":53,"column":8}},"25":{"start":{"line":52,"column":9},"end":{"line":52,"column":22}},"26":{"start":{"line":54,"column":7},"end":{"line":58,"column":11}},"27":{"start":{"line":55,"column":12},"end":{"line":55,"column":49}},"28":{"start":{"line":56,"column":24},"end":{"line":56,"column":44}},"29":{"start":{"line":57,"column":12},"end":{"line":57,"column":39}},"30":{"start":{"line":59,"column":8},"end":{"line":61,"column":9}},"31":{"start":{"line":60,"column":10},"end":{"line":60,"column":23}},"32":{"start":{"line":62,"column":8},"end":{"line":64,"column":9}},"33":{"start":{"line":63,"column":10},"end":{"line":63,"column":47}},"34":{"start":{"line":65,"column":7},"end":{"line":65,"column":49}},"35":{"start":{"line":66,"column":7},"end":{"line":66,"column":30}},"36":{"start":{"line":67,"column":7},"end":{"line":67,"column":24}},"37":{"start":{"line":71,"column":0},"end":{"line":71,"column":27}}},"fnMap":{"0":{"name":"(anonymous_0)","decl":{"start":{"line":9,"column":2},"end":{"line":9,"column":3}},"loc":{"start":{"line":9,"column":24},"end":{"line":29,"column":4}},"line":9},"1":{"name":"(anonymous_1)","decl":{"start":{"line":40,"column":2},"end":{"line":40,"column":3}},"loc":{"start":{"line":40,"column":21},"end":{"line":69,"column":3}},"line":40}},"branchMap":{"0":{"loc":{"start":{"line":14,"column":4},"end":{"line":28,"column":7}},"type":"if","locations":[{"start":{"line":14,"column":4},"end":{"line":28,"column":7}},{"start":{"line":14,"column":4},"end":{"line":28,"column":7}}],"line":14},"1":{"loc":{"start":{"line":17,"column":8},"end":{"line":21,"column":11}},"type":"if","locations":[{"start":{"line":17,"column":8},"end":{"line":21,"column":11}},{"start":{"line":17,"column":8},"end":{"line":21,"column":11}}],"line":17},"2":{"loc":{"start":{"line":17,"column":11},"end":{"line":17,"column":93}},"type":"binary-expr","locations":[{"start":{"line":17,"column":12},"end":{"line":17,"column":28}},{"start":{"line":17,"column":32},"end":{"line":17,"column":49}},{"start":{"line":17,"column":55},"end":{"line":17,"column":72}},{"start":{"line":17,"column":76},"end":{"line":17,"column":92}}],"line":17},"3":{"loc":{"start":{"line":22,"column":8},"end":{"line":25,"column":11}},"type":"if","locations":[{"start":{"line":22,"column":8},"end":{"line":25,"column":11}},{"start":{"line":22,"column":8},"end":{"line":25,"column":11}}],"line":22},"4":{"loc":{"start":{"line":22,"column":11},"end":{"line":22,"column":47}},"type":"binary-expr","locations":[{"start":{"line":22,"column":11},"end":{"line":22,"column":27}},{"start":{"line":22,"column":31},"end":{"line":22,"column":47}}],"line":22},"5":{"loc":{"start":{"line":44,"column":4},"end":{"line":68,"column":5}},"type":"if","locations":[{"start":{"line":44,"column":4},"end":{"line":68,"column":5}},{"start":{"line":44,"column":4},"end":{"line":68,"column":5}}],"line":44},"6":{"loc":{"start":{"line":51,"column":7},"end":{"line":53,"column":8}},"type":"if","locations":[{"start":{"line":51,"column":7},"end":{"line":53,"column":8}},{"start":{"line":51,"column":7},"end":{"line":53,"column":8}}],"line":51},"7":{"loc":{"start":{"line":59,"column":8},"end":{"line":61,"column":9}},"type":"if","locations":[{"start":{"line":59,"column":8},"end":{"line":61,"column":9}},{"start":{"line":59,"column":8},"end":{"line":61,"column":9}}],"line":59},"8":{"loc":{"start":{"line":59,"column":11},"end":{"line":59,"column":42}},"type":"binary-expr","locations":[{"start":{"line":59,"column":11},"end":{"line":59,"column":25}},{"start":{"line":59,"column":29},"end":{"line":59,"column":42}}],"line":59}},"s":{"0":6,"1":6,"2":6,"3":6,"4":6,"5":5,"6":5,"7":23,"8":2,"9":2,"10":2,"11":21,"12":12,"13":12,"14":5,"15":6,"16":6,"17":6,"18":6,"19":5,"20":11,"21":11,"22":11,"23":11,"24":5,"25":2,"26":5,"27":2,"28":2,"29":2,"30":5,"31":1,"32":4,"33":2,"34":4,"35":4,"36":4,"37":1},"f":{"0":6,"1":6},"b":{"0":[5,1],"1":[2,21],"2":[23,13,22,10],"3":[12,9],"4":[21,12],"5":[5,1],"6":[2,3],"7":[1,4],"8":[5,2]},"_coverageSchema":"1a1c01bbd47fc00a2c39e90264f33305004495a9","hash":"f54035802b08f81a9a775b2638c40729e0639a3e"}
}
