TN:
SF:templater.js
FN:9,(anonymous_0)
FN:40,(anonymous_1)
FNF:2
FNH:2
FNDA:6,(anonymous_0)
FNDA:6,(anonymous_1)
DA:10,6
DA:11,6
DA:12,6
DA:13,6
DA:14,6
DA:15,5
DA:16,5
DA:17,23
DA:18,2
DA:19,2
DA:20,2
DA:22,21
DA:23,12
DA:24,12
DA:27,5
DA:41,6
DA:42,6
DA:43,6
DA:44,6
DA:45,5
DA:46,11
DA:47,11
DA:48,11
DA:49,11
DA:51,5
DA:52,2
DA:54,5
DA:55,2
DA:56,2
DA:57,2
DA:59,5
DA:60,1
DA:62,4
DA:63,2
DA:65,4
DA:66,4
DA:67,4
DA:71,1
LF:38
LH:38
BRDA:14,0,0,5
BRDA:14,0,1,1
BRDA:17,1,0,2
BRDA:17,1,1,21
BRDA:17,2,0,23
BRDA:17,2,1,13
BRDA:17,2,2,22
BRDA:17,2,3,10
BRDA:22,3,0,12
BRDA:22,3,1,9
BRDA:22,4,0,21
BRDA:22,4,1,12
BRDA:44,5,0,5
BRDA:44,5,1,1
BRDA:51,6,0,2
BRDA:51,6,1,3
BRDA:59,7,0,1
BRDA:59,7,1,4
BRDA:59,8,0,5
BRDA:59,8,1,2
BRF:20
BRH:20
end_of_record
