{"C:\\Users\\dutra\\Desktop\\zadutra\\CS101\\CSE183\\hw7\\src\\app.js": {"path":"C:\\Users\\dutra\\Desktop\\zadutra\\CS101\\CSE183\\hw7\\src\\app.js","statementMap":{"0":{"start":{"line":1,"column":16},"end":{"line":1,"column":34}},"1":{"start":{"line":2,"column":13},"end":{"line":2,"column":31}},"2":{"start":{"line":3,"column":18},"end":{"line":3,"column":47}},"3":{"start":{"line":4,"column":11},"end":{"line":4,"column":24}},"4":{"start":{"line":5,"column":13},"end":{"line":5,"column":28}},"5":{"start":{"line":6,"column":25},"end":{"line":6,"column":61}},"6":{"start":{"line":8,"column":14},"end":{"line":8,"column":35}},"7":{"start":{"line":10,"column":12},"end":{"line":10,"column":21}},"8":{"start":{"line":11,"column":0},"end":{"line":11,"column":24}},"9":{"start":{"line":12,"column":0},"end":{"line":12,"column":47}},"10":{"start":{"line":14,"column":16},"end":{"line":14,"column":59}},"11":{"start":{"line":16,"column":15},"end":{"line":16,"column":62}},"12":{"start":{"line":17,"column":0},"end":{"line":17,"column":66}},"13":{"start":{"line":19,"column":0},"end":{"line":25,"column":2}},"14":{"start":{"line":28,"column":0},"end":{"line":28,"column":35}},"15":{"start":{"line":29,"column":0},"end":{"line":29,"column":39}},"16":{"start":{"line":30,"column":0},"end":{"line":30,"column":33}},"17":{"start":{"line":31,"column":0},"end":{"line":31,"column":35}},"18":{"start":{"line":33,"column":0},"end":{"line":39,"column":3}},"19":{"start":{"line":34,"column":2},"end":{"line":38,"column":5}},"20":{"start":{"line":41,"column":0},"end":{"line":41,"column":21}}},"fnMap":{"0":{"name":"(anonymous_0)","decl":{"start":{"line":33,"column":8},"end":{"line":33,"column":9}},"loc":{"start":{"line":33,"column":33},"end":{"line":39,"column":1}},"line":33}},"branchMap":{},"s":{"0":1,"1":1,"2":1,"3":1,"4":1,"5":1,"6":1,"7":1,"8":1,"9":1,"10":1,"11":1,"12":1,"13":1,"14":1,"15":1,"16":1,"17":1,"18":1,"19":1,"20":1},"f":{"0":1},"b":{},"_coverageSchema":"1a1c01bbd47fc00a2c39e90264f33305004495a9","hash":"4f61568d084221f19b3d2841c982191720b2f591"}
,"C:\\Users\\dutra\\Desktop\\zadutra\\CS101\\CSE183\\hw7\\src\\email.js": {"path":"C:\\Users\\dutra\\Desktop\\zadutra\\CS101\\CSE183\\hw7\\src\\email.js","statementMap":{"0":{"start":{"line":1,"column":14},"end":{"line":1,"column":43}},"1":{"start":{"line":2,"column":14},"end":{"line":2,"column":43}},"2":{"start":{"line":3,"column":13},"end":{"line":3,"column":41}},"3":{"start":{"line":5,"column":15},"end":{"line":7,"column":33}},"4":{"start":{"line":9,"column":0},"end":{"line":55,"column":2}},"5":{"start":{"line":10,"column":14},"end":{"line":10,"column":16}},"6":{"start":{"line":11,"column":14},"end":{"line":11,"column":16}},"7":{"start":{"line":12,"column":14},"end":{"line":12,"column":16}},"8":{"start":{"line":13,"column":13},"end":{"line":13,"column":15}},"9":{"start":{"line":14,"column":2},"end":{"line":53,"column":3}},"10":{"start":{"line":15,"column":4},"end":{"line":18,"column":5}},"11":{"start":{"line":15,"column":17},"end":{"line":15,"column":18}},"12":{"start":{"line":16,"column":6},"end":{"line":16,"column":26}},"13":{"start":{"line":17,"column":6},"end":{"line":17,"column":33}},"14":{"start":{"line":19,"column":4},"end":{"line":19,"column":46}},"15":{"start":{"line":20,"column":4},"end":{"line":20,"column":31}},"16":{"start":{"line":21,"column":9},"end":{"line":53,"column":3}},"17":{"start":{"line":22,"column":4},"end":{"line":25,"column":5}},"18":{"start":{"line":22,"column":17},"end":{"line":22,"column":18}},"19":{"start":{"line":23,"column":6},"end":{"line":23,"column":25}},"20":{"start":{"line":24,"column":6},"end":{"line":24,"column":33}},"21":{"start":{"line":26,"column":4},"end":{"line":26,"column":45}},"22":{"start":{"line":27,"column":4},"end":{"line":27,"column":31}},"23":{"start":{"line":28,"column":9},"end":{"line":53,"column":3}},"24":{"start":{"line":29,"column":4},"end":{"line":32,"column":5}},"25":{"start":{"line":29,"column":17},"end":{"line":29,"column":18}},"26":{"start":{"line":30,"column":6},"end":{"line":30,"column":26}},"27":{"start":{"line":31,"column":6},"end":{"line":31,"column":33}},"28":{"start":{"line":33,"column":4},"end":{"line":33,"column":46}},"29":{"start":{"line":34,"column":4},"end":{"line":34,"column":31}},"30":{"start":{"line":35,"column":9},"end":{"line":53,"column":3}},"31":{"start":{"line":36,"column":4},"end":{"line":39,"column":5}},"32":{"start":{"line":36,"column":17},"end":{"line":36,"column":18}},"33":{"start":{"line":37,"column":6},"end":{"line":37,"column":26}},"34":{"start":{"line":38,"column":6},"end":{"line":38,"column":33}},"35":{"start":{"line":40,"column":4},"end":{"line":43,"column":5}},"36":{"start":{"line":40,"column":17},"end":{"line":40,"column":18}},"37":{"start":{"line":41,"column":6},"end":{"line":41,"column":25}},"38":{"start":{"line":42,"column":6},"end":{"line":42,"column":33}},"39":{"start":{"line":44,"column":4},"end":{"line":47,"column":5}},"40":{"start":{"line":44,"column":17},"end":{"line":44,"column":18}},"41":{"start":{"line":45,"column":6},"end":{"line":45,"column":26}},"42":{"start":{"line":46,"column":6},"end":{"line":46,"column":33}},"43":{"start":{"line":48,"column":4},"end":{"line":49,"column":40}},"44":{"start":{"line":50,"column":4},"end":{"line":50,"column":31}},"45":{"start":{"line":52,"column":4},"end":{"line":52,"column":27}},"46":{"start":{"line":54,"column":2},"end":{"line":54,"column":25}},"47":{"start":{"line":57,"column":0},"end":{"line":82,"column":2}},"48":{"start":{"line":58,"column":13},"end":{"line":58,"column":15}},"49":{"start":{"line":59,"column":14},"end":{"line":59,"column":16}},"50":{"start":{"line":60,"column":2},"end":{"line":66,"column":3}},"51":{"start":{"line":60,"column":15},"end":{"line":60,"column":16}},"52":{"start":{"line":61,"column":4},"end":{"line":61,"column":26}},"53":{"start":{"line":62,"column":4},"end":{"line":65,"column":5}},"54":{"start":{"line":63,"column":6},"end":{"line":63,"column":23}},"55":{"start":{"line":64,"column":6},"end":{"line":64,"column":34}},"56":{"start":{"line":67,"column":2},"end":{"line":73,"column":3}},"57":{"start":{"line":67,"column":15},"end":{"line":67,"column":16}},"58":{"start":{"line":68,"column":4},"end":{"line":68,"column":22}},"59":{"start":{"line":69,"column":4},"end":{"line":72,"column":5}},"60":{"start":{"line":70,"column":6},"end":{"line":70,"column":22}},"61":{"start":{"line":71,"column":6},"end":{"line":71,"column":34}},"62":{"start":{"line":74,"column":2},"end":{"line":80,"column":3}},"63":{"start":{"line":74,"column":15},"end":{"line":74,"column":16}},"64":{"start":{"line":75,"column":4},"end":{"line":75,"column":23}},"65":{"start":{"line":76,"column":4},"end":{"line":79,"column":5}},"66":{"start":{"line":77,"column":6},"end":{"line":77,"column":23}},"67":{"start":{"line":78,"column":6},"end":{"line":78,"column":34}},"68":{"start":{"line":81,"column":2},"end":{"line":81,"column":25}},"69":{"start":{"line":84,"column":0},"end":{"line":95,"column":2}},"70":{"start":{"line":85,"column":2},"end":{"line":88,"column":3}},"71":{"start":{"line":87,"column":4},"end":{"line":87,"column":27}},"72":{"start":{"line":89,"column":17},"end":{"line":89,"column":53}},"73":{"start":{"line":90,"column":2},"end":{"line":90,"column":30}},"74":{"start":{"line":91,"column":2},"end":{"line":91,"column":46}},"75":{"start":{"line":92,"column":2},"end":{"line":92,"column":44}},"76":{"start":{"line":93,"column":2},"end":{"line":93,"column":20}},"77":{"start":{"line":94,"column":2},"end":{"line":94,"column":31}},"78":{"start":{"line":97,"column":0},"end":{"line":153,"column":2}},"79":{"start":{"line":98,"column":13},"end":{"line":98,"column":15}},"80":{"start":{"line":99,"column":14},"end":{"line":99,"column":16}},"81":{"start":{"line":100,"column":12},"end":{"line":100,"column":14}},"82":{"start":{"line":101,"column":2},"end":{"line":108,"column":3}},"83":{"start":{"line":102,"column":4},"end":{"line":102,"column":27}},"84":{"start":{"line":104,"column":4},"end":{"line":104,"column":62}},"85":{"start":{"line":104,"column":35},"end":{"line":104,"column":60}},"86":{"start":{"line":105,"column":4},"end":{"line":107,"column":5}},"87":{"start":{"line":106,"column":6},"end":{"line":106,"column":52}},"88":{"start":{"line":109,"column":2},"end":{"line":124,"column":3}},"89":{"start":{"line":109,"column":17},"end":{"line":109,"column":18}},"90":{"start":{"line":110,"column":4},"end":{"line":110,"column":20}},"91":{"start":{"line":111,"column":4},"end":{"line":123,"column":5}},"92":{"start":{"line":112,"column":6},"end":{"line":112,"column":19}},"93":{"start":{"line":113,"column":6},"end":{"line":113,"column":22}},"94":{"start":{"line":114,"column":6},"end":{"line":120,"column":7}},"95":{"start":{"line":115,"column":8},"end":{"line":115,"column":38}},"96":{"start":{"line":116,"column":8},"end":{"line":119,"column":9}},"97":{"start":{"line":117,"column":10},"end":{"line":117,"column":33}},"98":{"start":{"line":118,"column":10},"end":{"line":118,"column":16}},"99":{"start":{"line":121,"column":6},"end":{"line":121,"column":32}},"100":{"start":{"line":122,"column":6},"end":{"line":122,"column":29}},"101":{"start":{"line":125,"column":2},"end":{"line":133,"column":3}},"102":{"start":{"line":125,"column":17},"end":{"line":125,"column":18}},"103":{"start":{"line":126,"column":4},"end":{"line":126,"column":19}},"104":{"start":{"line":127,"column":4},"end":{"line":132,"column":5}},"105":{"start":{"line":128,"column":6},"end":{"line":128,"column":19}},"106":{"start":{"line":129,"column":6},"end":{"line":131,"column":7}},"107":{"start":{"line":130,"column":8},"end":{"line":130,"column":31}},"108":{"start":{"line":134,"column":2},"end":{"line":151,"column":3}},"109":{"start":{"line":134,"column":17},"end":{"line":134,"column":18}},"110":{"start":{"line":135,"column":4},"end":{"line":135,"column":20}},"111":{"start":{"line":136,"column":4},"end":{"line":150,"column":5}},"112":{"start":{"line":137,"column":6},"end":{"line":137,"column":19}},"113":{"start":{"line":138,"column":6},"end":{"line":146,"column":7}},"114":{"start":{"line":139,"column":8},"end":{"line":141,"column":11}},"115":{"start":{"line":140,"column":10},"end":{"line":140,"column":38}},"116":{"start":{"line":142,"column":8},"end":{"line":145,"column":9}},"117":{"start":{"line":143,"column":10},"end":{"line":143,"column":33}},"118":{"start":{"line":144,"column":10},"end":{"line":144,"column":16}},"119":{"start":{"line":147,"column":6},"end":{"line":147,"column":22}},"120":{"start":{"line":148,"column":6},"end":{"line":148,"column":30}},"121":{"start":{"line":149,"column":6},"end":{"line":149,"column":29}},"122":{"start":{"line":152,"column":2},"end":{"line":152,"column":25}},"123":{"start":{"line":162,"column":11},"end":{"line":162,"column":31}},"124":{"start":{"line":163,"column":15},"end":{"line":168,"column":8}},"125":{"start":{"line":165,"column":18},"end":{"line":165,"column":48}},"126":{"start":{"line":166,"column":8},"end":{"line":166,"column":31}},"127":{"start":{"line":167,"column":8},"end":{"line":167,"column":54}},"128":{"start":{"line":169,"column":2},"end":{"line":169,"column":14}}},"fnMap":{"0":{"name":"(anonymous_0)","decl":{"start":{"line":9,"column":18},"end":{"line":9,"column":19}},"loc":{"start":{"line":9,"column":38},"end":{"line":55,"column":1}},"line":9},"1":{"name":"(anonymous_1)","decl":{"start":{"line":57,"column":18},"end":{"line":57,"column":19}},"loc":{"start":{"line":57,"column":38},"end":{"line":82,"column":1}},"line":57},"2":{"name":"(anonymous_2)","decl":{"start":{"line":84,"column":15},"end":{"line":84,"column":16}},"loc":{"start":{"line":84,"column":35},"end":{"line":95,"column":1}},"line":84},"3":{"name":"(anonymous_3)","decl":{"start":{"line":97,"column":14},"end":{"line":97,"column":15}},"loc":{"start":{"line":97,"column":34},"end":{"line":153,"column":1}},"line":97},"4":{"name":"(anonymous_4)","decl":{"start":{"line":104,"column":23},"end":{"line":104,"column":24}},"loc":{"start":{"line":104,"column":35},"end":{"line":104,"column":60}},"line":104},"5":{"name":"(anonymous_5)","decl":{"start":{"line":139,"column":27},"end":{"line":139,"column":28}},"loc":{"start":{"line":139,"column":45},"end":{"line":141,"column":9}},"line":139},"6":{"name":"createUuid","decl":{"start":{"line":161,"column":9},"end":{"line":161,"column":19}},"loc":{"start":{"line":161,"column":22},"end":{"line":170,"column":1}},"line":161},"7":{"name":"(anonymous_7)","decl":{"start":{"line":164,"column":6},"end":{"line":164,"column":7}},"loc":{"start":{"line":164,"column":18},"end":{"line":168,"column":7}},"line":164}},"branchMap":{"0":{"loc":{"start":{"line":14,"column":2},"end":{"line":53,"column":3}},"type":"if","locations":[{"start":{"line":14,"column":2},"end":{"line":53,"column":3}},{"start":{"line":14,"column":2},"end":{"line":53,"column":3}}],"line":14},"1":{"loc":{"start":{"line":21,"column":9},"end":{"line":53,"column":3}},"type":"if","locations":[{"start":{"line":21,"column":9},"end":{"line":53,"column":3}},{"start":{"line":21,"column":9},"end":{"line":53,"column":3}}],"line":21},"2":{"loc":{"start":{"line":28,"column":9},"end":{"line":53,"column":3}},"type":"if","locations":[{"start":{"line":28,"column":9},"end":{"line":53,"column":3}},{"start":{"line":28,"column":9},"end":{"line":53,"column":3}}],"line":28},"3":{"loc":{"start":{"line":35,"column":9},"end":{"line":53,"column":3}},"type":"if","locations":[{"start":{"line":35,"column":9},"end":{"line":53,"column":3}},{"start":{"line":35,"column":9},"end":{"line":53,"column":3}}],"line":35},"4":{"loc":{"start":{"line":62,"column":4},"end":{"line":65,"column":5}},"type":"if","locations":[{"start":{"line":62,"column":4},"end":{"line":65,"column":5}},{"start":{"line":62,"column":4},"end":{"line":65,"column":5}}],"line":62},"5":{"loc":{"start":{"line":69,"column":4},"end":{"line":72,"column":5}},"type":"if","locations":[{"start":{"line":69,"column":4},"end":{"line":72,"column":5}},{"start":{"line":69,"column":4},"end":{"line":72,"column":5}}],"line":69},"6":{"loc":{"start":{"line":76,"column":4},"end":{"line":79,"column":5}},"type":"if","locations":[{"start":{"line":76,"column":4},"end":{"line":79,"column":5}},{"start":{"line":76,"column":4},"end":{"line":79,"column":5}}],"line":76},"7":{"loc":{"start":{"line":85,"column":2},"end":{"line":88,"column":3}},"type":"if","locations":[{"start":{"line":85,"column":2},"end":{"line":88,"column":3}},{"start":{"line":85,"column":2},"end":{"line":88,"column":3}}],"line":85},"8":{"loc":{"start":{"line":85,"column":7},"end":{"line":86,"column":37}},"type":"binary-expr","locations":[{"start":{"line":85,"column":7},"end":{"line":85,"column":34}},{"start":{"line":85,"column":38},"end":{"line":85,"column":73}},{"start":{"line":86,"column":3},"end":{"line":86,"column":37}}],"line":85},"9":{"loc":{"start":{"line":101,"column":2},"end":{"line":108,"column":3}},"type":"if","locations":[{"start":{"line":101,"column":2},"end":{"line":108,"column":3}},{"start":{"line":101,"column":2},"end":{"line":108,"column":3}}],"line":101},"10":{"loc":{"start":{"line":105,"column":4},"end":{"line":107,"column":5}},"type":"if","locations":[{"start":{"line":105,"column":4},"end":{"line":107,"column":5}},{"start":{"line":105,"column":4},"end":{"line":107,"column":5}}],"line":105},"11":{"loc":{"start":{"line":111,"column":4},"end":{"line":123,"column":5}},"type":"if","locations":[{"start":{"line":111,"column":4},"end":{"line":123,"column":5}},{"start":{"line":111,"column":4},"end":{"line":123,"column":5}}],"line":111},"12":{"loc":{"start":{"line":114,"column":6},"end":{"line":120,"column":7}},"type":"if","locations":[{"start":{"line":114,"column":6},"end":{"line":120,"column":7}},{"start":{"line":114,"column":6},"end":{"line":120,"column":7}}],"line":114},"13":{"loc":{"start":{"line":116,"column":8},"end":{"line":119,"column":9}},"type":"if","locations":[{"start":{"line":116,"column":8},"end":{"line":119,"column":9}},{"start":{"line":116,"column":8},"end":{"line":119,"column":9}}],"line":116},"14":{"loc":{"start":{"line":127,"column":4},"end":{"line":132,"column":5}},"type":"if","locations":[{"start":{"line":127,"column":4},"end":{"line":132,"column":5}},{"start":{"line":127,"column":4},"end":{"line":132,"column":5}}],"line":127},"15":{"loc":{"start":{"line":129,"column":6},"end":{"line":131,"column":7}},"type":"if","locations":[{"start":{"line":129,"column":6},"end":{"line":131,"column":7}},{"start":{"line":129,"column":6},"end":{"line":131,"column":7}}],"line":129},"16":{"loc":{"start":{"line":136,"column":4},"end":{"line":150,"column":5}},"type":"if","locations":[{"start":{"line":136,"column":4},"end":{"line":150,"column":5}},{"start":{"line":136,"column":4},"end":{"line":150,"column":5}}],"line":136},"17":{"loc":{"start":{"line":138,"column":6},"end":{"line":146,"column":7}},"type":"if","locations":[{"start":{"line":138,"column":6},"end":{"line":146,"column":7}},{"start":{"line":138,"column":6},"end":{"line":146,"column":7}}],"line":138},"18":{"loc":{"start":{"line":142,"column":8},"end":{"line":145,"column":9}},"type":"if","locations":[{"start":{"line":142,"column":8},"end":{"line":145,"column":9}},{"start":{"line":142,"column":8},"end":{"line":145,"column":9}}],"line":142},"19":{"loc":{"start":{"line":167,"column":16},"end":{"line":167,"column":39}},"type":"cond-expr","locations":[{"start":{"line":167,"column":25},"end":{"line":167,"column":26}},{"start":{"line":167,"column":29},"end":{"line":167,"column":38}}],"line":167}},"s":{"0":1,"1":1,"2":1,"3":1,"4":1,"5":0,"6":0,"7":0,"8":0,"9":0,"10":0,"11":0,"12":0,"13":0,"14":0,"15":0,"16":0,"17":0,"18":0,"19":0,"20":0,"21":0,"22":0,"23":0,"24":0,"25":0,"26":0,"27":0,"28":0,"29":0,"30":0,"31":0,"32":0,"33":0,"34":0,"35":0,"36":0,"37":0,"38":0,"39":0,"40":0,"41":0,"42":0,"43":0,"44":0,"45":0,"46":0,"47":1,"48":0,"49":0,"50":0,"51":0,"52":0,"53":0,"54":0,"55":0,"56":0,"57":0,"58":0,"59":0,"60":0,"61":0,"62":0,"63":0,"64":0,"65":0,"66":0,"67":0,"68":0,"69":1,"70":1,"71":1,"72":1,"73":1,"74":1,"75":1,"76":1,"77":1,"78":1,"79":0,"80":0,"81":0,"82":0,"83":0,"84":0,"85":0,"86":0,"87":0,"88":0,"89":0,"90":0,"91":0,"92":0,"93":0,"94":0,"95":0,"96":0,"97":0,"98":0,"99":0,"100":0,"101":0,"102":0,"103":0,"104":0,"105":0,"106":0,"107":0,"108":0,"109":0,"110":0,"111":0,"112":0,"113":0,"114":0,"115":0,"116":0,"117":0,"118":0,"119":0,"120":0,"121":0,"122":0,"123":1,"124":1,"125":31,"126":31,"127":31,"128":1},"f":{"0":0,"1":0,"2":1,"3":0,"4":0,"5":0,"6":1,"7":31},"b":{"0":[0,0],"1":[0,0],"2":[0,0],"3":[0,0],"4":[0,0],"5":[0,0],"6":[0,0],"7":[1,0],"8":[1,0,0],"9":[0,0],"10":[0,0],"11":[0,0],"12":[0,0],"13":[0,0],"14":[0,0],"15":[0,0],"16":[0,0],"17":[0,0],"18":[0,0],"19":[30,1]},"_coverageSchema":"1a1c01bbd47fc00a2c39e90264f33305004495a9","hash":"17829235cb7e2414d7f8f8df16acee2c9addaa45"}
}
