TN:
SF:src\app.js
FN:33,(anonymous_0)
FNF:1
FNH:1
FNDA:1,(anonymous_0)
DA:1,1
DA:2,1
DA:3,1
DA:4,1
DA:5,1
DA:6,1
DA:8,1
DA:10,1
DA:11,1
DA:12,1
DA:14,1
DA:16,1
DA:17,1
DA:19,1
DA:28,1
DA:29,1
DA:30,1
DA:31,1
DA:33,1
DA:34,1
DA:41,1
LF:21
LH:21
BRF:0
BRH:0
end_of_record
TN:
SF:src\email.js
FN:9,(anonymous_0)
FN:57,(anonymous_1)
FN:84,(anonymous_2)
FN:97,(anonymous_3)
FN:104,(anonymous_4)
FN:139,(anonymous_5)
FN:161,createUuid
FN:164,(anonymous_7)
FNF:8
FNH:3
FNDA:0,(anonymous_0)
FNDA:0,(anonymous_1)
FNDA:1,(anonymous_2)
FNDA:0,(anonymous_3)
FNDA:0,(anonymous_4)
FNDA:0,(anonymous_5)
FNDA:1,createUuid
FNDA:31,(anonymous_7)
DA:1,1
DA:2,1
DA:3,1
DA:5,1
DA:9,1
DA:10,0
DA:11,0
DA:12,0
DA:13,0
DA:14,0
DA:15,0
DA:16,0
DA:17,0
DA:19,0
DA:20,0
DA:21,0
DA:22,0
DA:23,0
DA:24,0
DA:26,0
DA:27,0
DA:28,0
DA:29,0
DA:30,0
DA:31,0
DA:33,0
DA:34,0
DA:35,0
DA:36,0
DA:37,0
DA:38,0
DA:40,0
DA:41,0
DA:42,0
DA:44,0
DA:45,0
DA:46,0
DA:48,0
DA:50,0
DA:52,0
DA:54,0
DA:57,1
DA:58,0
DA:59,0
DA:60,0
DA:61,0
DA:62,0
DA:63,0
DA:64,0
DA:67,0
DA:68,0
DA:69,0
DA:70,0
DA:71,0
DA:74,0
DA:75,0
DA:76,0
DA:77,0
DA:78,0
DA:81,0
DA:84,1
DA:85,1
DA:87,1
DA:89,1
DA:90,1
DA:91,1
DA:92,1
DA:93,1
DA:94,1
DA:97,1
DA:98,0
DA:99,0
DA:100,0
DA:101,0
DA:102,0
DA:104,0
DA:105,0
DA:106,0
DA:109,0
DA:110,0
DA:111,0
DA:112,0
DA:113,0
DA:114,0
DA:115,0
DA:116,0
DA:117,0
DA:118,0
DA:121,0
DA:122,0
DA:125,0
DA:126,0
DA:127,0
DA:128,0
DA:129,0
DA:130,0
DA:134,0
DA:135,0
DA:136,0
DA:137,0
DA:138,0
DA:139,0
DA:140,0
DA:142,0
DA:143,0
DA:144,0
DA:147,0
DA:148,0
DA:149,0
DA:152,0
DA:162,1
DA:163,1
DA:165,31
DA:166,31
DA:167,31
DA:169,1
LF:116
LH:22
BRDA:14,0,0,0
BRDA:14,0,1,0
BRDA:21,1,0,0
BRDA:21,1,1,0
BRDA:28,2,0,0
BRDA:28,2,1,0
BRDA:35,3,0,0
BRDA:35,3,1,0
BRDA:62,4,0,0
BRDA:62,4,1,0
BRDA:69,5,0,0
BRDA:69,5,1,0
BRDA:76,6,0,0
BRDA:76,6,1,0
BRDA:85,7,0,1
BRDA:85,7,1,0
BRDA:85,8,0,1
BRDA:85,8,1,0
BRDA:85,8,2,0
BRDA:101,9,0,0
BRDA:101,9,1,0
BRDA:105,10,0,0
BRDA:105,10,1,0
BRDA:111,11,0,0
BRDA:111,11,1,0
BRDA:114,12,0,0
BRDA:114,12,1,0
BRDA:116,13,0,0
BRDA:116,13,1,0
BRDA:127,14,0,0
BRDA:127,14,1,0
BRDA:129,15,0,0
BRDA:129,15,1,0
BRDA:136,16,0,0
BRDA:136,16,1,0
BRDA:138,17,0,0
BRDA:138,17,1,0
BRDA:142,18,0,0
BRDA:142,18,1,0
BRDA:167,19,0,30
BRDA:167,19,1,1
BRF:41
BRH:4
end_of_record
